{"name":"hexo","hostname":"DESKTOP-ECPLC4P","pid":36672,"level":20,"msg":"Writing database to E:\\tech-blog/db.json","time":"2020-03-05T14:08:21.529Z","v":0}
{"name":"hexo","hostname":"DESKTOP-ECPLC4P","pid":36672,"level":20,"msg":"Hexo version: \u001b[35m4.2.0\u001b[39m","time":"2020-03-05T14:08:21.543Z","v":0}
{"name":"hexo","hostname":"DESKTOP-ECPLC4P","pid":36672,"level":20,"msg":"Working directory: \u001b[35mE:\\tech-blog\\\u001b[39m","time":"2020-03-05T14:08:21.543Z","v":0}
{"name":"hexo","hostname":"DESKTOP-ECPLC4P","pid":36672,"level":20,"msg":"Config loaded: \u001b[35mE:\\tech-blog\\_config.yml\u001b[39m","time":"2020-03-05T14:08:21.663Z","v":0}
{"name":"hexo","hostname":"DESKTOP-ECPLC4P","pid":36672,"level":20,"msg":"Plugin loaded: \u001b[35mhexo-deployer-git\u001b[39m","time":"2020-03-05T14:08:21.686Z","v":0}
{"name":"hexo","hostname":"DESKTOP-ECPLC4P","pid":36672,"level":20,"msg":"Plugin loaded: \u001b[35mhexo-asset-image\u001b[39m","time":"2020-03-05T14:08:21.739Z","v":0}
{"name":"hexo","hostname":"DESKTOP-ECPLC4P","pid":36672,"level":20,"msg":"Plugin loaded: \u001b[35mhexo-generator-category\u001b[39m","time":"2020-03-05T14:08:21.741Z","v":0}
{"name":"hexo","hostname":"DESKTOP-ECPLC4P","pid":36672,"level":20,"msg":"Plugin loaded: \u001b[35mhexo-generator-archive\u001b[39m","time":"2020-03-05T14:08:21.743Z","v":0}
{"name":"hexo","hostname":"DESKTOP-ECPLC4P","pid":36672,"level":20,"msg":"Plugin loaded: \u001b[35mhexo-generator-tag\u001b[39m","time":"2020-03-05T14:08:21.745Z","v":0}
{"name":"hexo","hostname":"DESKTOP-ECPLC4P","pid":36672,"level":20,"msg":"Plugin loaded: \u001b[35mhexo-renderer-ejs\u001b[39m","time":"2020-03-05T14:08:21.748Z","v":0}
{"name":"hexo","hostname":"DESKTOP-ECPLC4P","pid":36672,"level":20,"msg":"Plugin loaded: \u001b[35mhexo-generator-index\u001b[39m","time":"2020-03-05T14:08:21.751Z","v":0}
{"name":"hexo","hostname":"DESKTOP-ECPLC4P","pid":36672,"level":20,"msg":"Plugin loaded: \u001b[35mhexo-renderer-marked\u001b[39m","time":"2020-03-05T14:08:21.789Z","v":0}
{"name":"hexo","hostname":"DESKTOP-ECPLC4P","pid":36672,"level":20,"msg":"Plugin loaded: \u001b[35mhexo-renderer-stylus\u001b[39m","time":"2020-03-05T14:08:21.873Z","v":0}
{"name":"hexo","hostname":"DESKTOP-ECPLC4P","pid":36672,"level":20,"msg":"Plugin loaded: \u001b[35mhexo-server\u001b[39m","time":"2020-03-05T14:08:21.944Z","v":0}
{"name":"hexo","hostname":"DESKTOP-ECPLC4P","pid":36672,"level":20,"msg":"Script loaded: \u001b[35mthemes\\ayer\\scripts\\default_config.js\u001b[39m","time":"2020-03-05T14:08:21.947Z","v":0}
{"name":"hexo","hostname":"DESKTOP-ECPLC4P","pid":36672,"level":20,"msg":"Script loaded: \u001b[35mthemes\\ayer\\scripts\\filters\\index.js\u001b[39m","time":"2020-03-05T14:08:21.949Z","v":0}
{"name":"hexo","hostname":"DESKTOP-ECPLC4P","pid":36672,"level":20,"msg":"Script loaded: \u001b[35mthemes\\ayer\\scripts\\helpers\\ayer-plus-vendors.js\u001b[39m","time":"2020-03-05T14:08:21.949Z","v":0}
{"name":"hexo","hostname":"DESKTOP-ECPLC4P","pid":36672,"level":20,"msg":"Script loaded: \u001b[35mthemes\\ayer\\scripts\\helpers\\wordcount.js\u001b[39m","time":"2020-03-05T14:08:21.950Z","v":0}
{"name":"hexo","hostname":"DESKTOP-ECPLC4P","pid":36672,"level":20,"msg":"Script loaded: \u001b[35mthemes\\ayer\\scripts\\filters\\meta_generator.js\u001b[39m","time":"2020-03-05T14:08:21.952Z","v":0}
{"name":"hexo","hostname":"DESKTOP-ECPLC4P","pid":36672,"level":20,"msg":"Script loaded: \u001b[35mthemes\\ayer\\scripts\\lib\\core.js\u001b[39m","time":"2020-03-05T14:08:21.952Z","v":0}
{"name":"hexo","hostname":"DESKTOP-ECPLC4P","pid":36672,"level":30,"msg":"Start processing","time":"2020-03-05T14:08:21.959Z","v":0}
{"name":"hexo","hostname":"DESKTOP-ECPLC4P","pid":36672,"level":20,"msg":"Processed: \u001b[35msource/404.html\u001b[39m","time":"2020-03-05T14:08:22.031Z","v":0}
{"name":"hexo","hostname":"DESKTOP-ECPLC4P","pid":36672,"level":20,"msg":"Processed: \u001b[35msource/favicon.ico\u001b[39m","time":"2020-03-05T14:08:22.033Z","v":0}
{"name":"hexo","hostname":"DESKTOP-ECPLC4P","pid":36672,"level":20,"msg":"Theme config loaded.","time":"2020-03-05T14:08:22.050Z","v":0}
{"name":"hexo","hostname":"DESKTOP-ECPLC4P","pid":36672,"level":20,"msg":"Processed: \u001b[35m_config.yml\u001b[39m","time":"2020-03-05T14:08:22.053Z","v":0}
{"name":"hexo","hostname":"DESKTOP-ECPLC4P","pid":36672,"level":20,"msg":"Processed: \u001b[35m_posts/HTTP/HTTP_RequestMessageExample.png\u001b[39m","time":"2020-03-05T14:08:22.057Z","v":0}
{"name":"hexo","hostname":"DESKTOP-ECPLC4P","pid":36672,"level":20,"msg":"Processed: \u001b[35m_posts/HTTP/HTTP_ResponseMessageExample.png\u001b[39m","time":"2020-03-05T14:08:22.059Z","v":0}
{"name":"hexo","hostname":"DESKTOP-ECPLC4P","pid":36672,"level":20,"msg":"Processed: \u001b[35m_posts/IO/IO.png\u001b[39m","time":"2020-03-05T14:08:22.063Z","v":0}
{"name":"hexo","hostname":"DESKTOP-ECPLC4P","pid":36672,"level":20,"msg":"Processed: \u001b[35m_posts/debug.log\u001b[39m","time":"2020-03-05T14:08:22.068Z","v":0}
{"name":"hexo","hostname":"DESKTOP-ECPLC4P","pid":36672,"level":20,"msg":"Processed: \u001b[35msource/css/404.styl\u001b[39m","time":"2020-03-05T14:08:22.082Z","v":0}
{"name":"hexo","hostname":"DESKTOP-ECPLC4P","pid":36672,"level":20,"msg":"Processed: \u001b[35msource/css/style.styl\u001b[39m","time":"2020-03-05T14:08:22.084Z","v":0}
{"name":"hexo","hostname":"DESKTOP-ECPLC4P","pid":36672,"level":20,"msg":"Processed: \u001b[35msource/fancybox/jquery.fancybox.min.css\u001b[39m","time":"2020-03-05T14:08:22.093Z","v":0}
{"name":"hexo","hostname":"DESKTOP-ECPLC4P","pid":36672,"level":20,"msg":"Processed: \u001b[35msource/images/ayer.png\u001b[39m","time":"2020-03-05T14:08:22.098Z","v":0}
{"name":"hexo","hostname":"DESKTOP-ECPLC4P","pid":36672,"level":20,"msg":"Processed: \u001b[35msource/images/ayer-side.svg\u001b[39m","time":"2020-03-05T14:08:22.100Z","v":0}
{"name":"hexo","hostname":"DESKTOP-ECPLC4P","pid":36672,"level":20,"msg":"Processed: \u001b[35msource/images/ayer.svg\u001b[39m","time":"2020-03-05T14:08:22.100Z","v":0}
{"name":"hexo","hostname":"DESKTOP-ECPLC4P","pid":36672,"level":20,"msg":"Processed: \u001b[35msource/images/cover7.jpg\u001b[39m","time":"2020-03-05T14:08:22.101Z","v":0}
{"name":"hexo","hostname":"DESKTOP-ECPLC4P","pid":36672,"level":20,"msg":"Processed: \u001b[35msource/images/forkme.png\u001b[39m","time":"2020-03-05T14:08:22.103Z","v":0}
{"name":"hexo","hostname":"DESKTOP-ECPLC4P","pid":36672,"level":20,"msg":"Processed: \u001b[35msource/js/ayer.js\u001b[39m","time":"2020-03-05T14:08:22.107Z","v":0}
{"name":"hexo","hostname":"DESKTOP-ECPLC4P","pid":36672,"level":20,"msg":"Processed: \u001b[35msource/js/busuanzi-2.3.pure.min.js\u001b[39m","time":"2020-03-05T14:08:22.108Z","v":0}
{"name":"hexo","hostname":"DESKTOP-ECPLC4P","pid":36672,"level":20,"msg":"Processed: \u001b[35msource/js/jquery.justifiedGallery.min.js\u001b[39m","time":"2020-03-05T14:08:22.109Z","v":0}
{"name":"hexo","hostname":"DESKTOP-ECPLC4P","pid":36672,"level":20,"msg":"Processed: \u001b[35msource/js/pace.min.js\u001b[39m","time":"2020-03-05T14:08:22.110Z","v":0}
{"name":"hexo","hostname":"DESKTOP-ECPLC4P","pid":36672,"level":20,"msg":"Processed: \u001b[35msource/js/search.js\u001b[39m","time":"2020-03-05T14:08:22.111Z","v":0}
{"name":"hexo","hostname":"DESKTOP-ECPLC4P","pid":36672,"level":20,"msg":"Processed: \u001b[35msource/js/share.js\u001b[39m","time":"2020-03-05T14:08:22.111Z","v":0}
{"name":"hexo","hostname":"DESKTOP-ECPLC4P","pid":36672,"level":20,"msg":"Processed: \u001b[35msource/js/lazyload.min.js\u001b[39m","time":"2020-03-05T14:08:22.113Z","v":0}
{"name":"hexo","hostname":"DESKTOP-ECPLC4P","pid":36672,"level":20,"msg":"Processed: \u001b[35m_posts/Docker-And-K8S/OpenShift实现.jpg\u001b[39m","time":"2020-03-05T14:08:22.118Z","v":0}
{"name":"hexo","hostname":"DESKTOP-ECPLC4P","pid":36672,"level":20,"msg":"Processed: \u001b[35msource/js/tocbot.min.js\u001b[39m","time":"2020-03-05T14:08:22.118Z","v":0}
{"name":"hexo","hostname":"DESKTOP-ECPLC4P","pid":36672,"level":20,"msg":"Processed: \u001b[35mlayout/categories.ejs\u001b[39m","time":"2020-03-05T14:08:22.136Z","v":0}
{"name":"hexo","hostname":"DESKTOP-ECPLC4P","pid":36672,"level":20,"msg":"Processed: \u001b[35mlayout/archive.ejs\u001b[39m","time":"2020-03-05T14:08:22.140Z","v":0}
{"name":"hexo","hostname":"DESKTOP-ECPLC4P","pid":36672,"level":20,"msg":"Processed: \u001b[35mlayout/index.ejs\u001b[39m","time":"2020-03-05T14:08:22.145Z","v":0}
{"name":"hexo","hostname":"DESKTOP-ECPLC4P","pid":36672,"level":20,"msg":"Processed: \u001b[35mlayout/post.ejs\u001b[39m","time":"2020-03-05T14:08:22.145Z","v":0}
{"name":"hexo","hostname":"DESKTOP-ECPLC4P","pid":36672,"level":20,"msg":"Processed: \u001b[35mlayout/layout.ejs\u001b[39m","time":"2020-03-05T14:08:22.146Z","v":0}
{"name":"hexo","hostname":"DESKTOP-ECPLC4P","pid":36672,"level":20,"msg":"Processed: \u001b[35mlayout/page.ejs\u001b[39m","time":"2020-03-05T14:08:22.148Z","v":0}
{"name":"hexo","hostname":"DESKTOP-ECPLC4P","pid":36672,"level":20,"msg":"Processed: \u001b[35mlanguages/de.yml\u001b[39m","time":"2020-03-05T14:08:22.160Z","v":0}
{"name":"hexo","hostname":"DESKTOP-ECPLC4P","pid":36672,"level":20,"msg":"Processed: \u001b[35mlanguages/default.yml\u001b[39m","time":"2020-03-05T14:08:22.161Z","v":0}
{"name":"hexo","hostname":"DESKTOP-ECPLC4P","pid":36672,"level":20,"msg":"Processed: \u001b[35mlanguages/ja.yml\u001b[39m","time":"2020-03-05T14:08:22.166Z","v":0}
{"name":"hexo","hostname":"DESKTOP-ECPLC4P","pid":36672,"level":20,"msg":"Processed: \u001b[35mlanguages/fr.yml\u001b[39m","time":"2020-03-05T14:08:22.168Z","v":0}
{"name":"hexo","hostname":"DESKTOP-ECPLC4P","pid":36672,"level":20,"msg":"Processed: \u001b[35mlanguages/es.yml\u001b[39m","time":"2020-03-05T14:08:22.172Z","v":0}
{"name":"hexo","hostname":"DESKTOP-ECPLC4P","pid":36672,"level":20,"msg":"Processed: \u001b[35mlanguages/no.yml\u001b[39m","time":"2020-03-05T14:08:22.173Z","v":0}
{"name":"hexo","hostname":"DESKTOP-ECPLC4P","pid":36672,"level":20,"msg":"Processed: \u001b[35mlanguages/ko.yml\u001b[39m","time":"2020-03-05T14:08:22.173Z","v":0}
{"name":"hexo","hostname":"DESKTOP-ECPLC4P","pid":36672,"level":20,"msg":"Processed: \u001b[35mlanguages/nl.yml\u001b[39m","time":"2020-03-05T14:08:22.174Z","v":0}
{"name":"hexo","hostname":"DESKTOP-ECPLC4P","pid":36672,"level":20,"msg":"Processed: \u001b[35mlanguages/pt.yml\u001b[39m","time":"2020-03-05T14:08:22.174Z","v":0}
{"name":"hexo","hostname":"DESKTOP-ECPLC4P","pid":36672,"level":20,"msg":"Processed: \u001b[35mlanguages/ru.yml\u001b[39m","time":"2020-03-05T14:08:22.175Z","v":0}
{"name":"hexo","hostname":"DESKTOP-ECPLC4P","pid":36672,"level":20,"msg":"Processed: \u001b[35mlanguages/zh-CN.yml\u001b[39m","time":"2020-03-05T14:08:22.177Z","v":0}
{"name":"hexo","hostname":"DESKTOP-ECPLC4P","pid":36672,"level":20,"msg":"Processed: \u001b[35mlanguages/zh-TW.yml\u001b[39m","time":"2020-03-05T14:08:22.181Z","v":0}
{"name":"hexo","hostname":"DESKTOP-ECPLC4P","pid":36672,"level":20,"msg":"Processed: \u001b[35msource/fancybox/jquery.fancybox.min.js\u001b[39m","time":"2020-03-05T14:08:22.186Z","v":0}
{"name":"hexo","hostname":"DESKTOP-ECPLC4P","pid":36672,"level":20,"msg":"Processed: \u001b[35msource/images/alipay.jpg\u001b[39m","time":"2020-03-05T14:08:22.188Z","v":0}
{"name":"hexo","hostname":"DESKTOP-ECPLC4P","pid":36672,"level":20,"msg":"Processed: \u001b[35msource/images/cover2.jpg\u001b[39m","time":"2020-03-05T14:08:22.194Z","v":0}
{"name":"hexo","hostname":"DESKTOP-ECPLC4P","pid":36672,"level":20,"msg":"Processed: \u001b[35msource/images/sponsor.jpg\u001b[39m","time":"2020-03-05T14:08:22.197Z","v":0}
{"name":"hexo","hostname":"DESKTOP-ECPLC4P","pid":36672,"level":20,"msg":"Processed: \u001b[35msource/images/wechat.jpg\u001b[39m","time":"2020-03-05T14:08:22.204Z","v":0}
{"name":"hexo","hostname":"DESKTOP-ECPLC4P","pid":36672,"level":20,"msg":"Processed: \u001b[35msource/js/jquery-2.0.3.min.js\u001b[39m","time":"2020-03-05T14:08:22.206Z","v":0}
{"name":"hexo","hostname":"DESKTOP-ECPLC4P","pid":36672,"level":20,"msg":"Processed: \u001b[35mlayout/tags.ejs\u001b[39m","time":"2020-03-05T14:08:22.221Z","v":0}
{"name":"hexo","hostname":"DESKTOP-ECPLC4P","pid":36672,"level":20,"msg":"Processed: \u001b[35m_posts/Fork-Join.md\u001b[39m","time":"2020-03-05T14:08:22.222Z","v":0}
{"name":"hexo","hostname":"DESKTOP-ECPLC4P","pid":36672,"level":20,"msg":"Processed: \u001b[35m_posts/FileBeat.md\u001b[39m","time":"2020-03-05T14:08:22.223Z","v":0}
{"name":"hexo","hostname":"DESKTOP-ECPLC4P","pid":36672,"level":20,"msg":"Processed: \u001b[35m_posts/HTTP请求和响应报文.md\u001b[39m","time":"2020-03-05T14:08:22.224Z","v":0}
{"name":"hexo","hostname":"DESKTOP-ECPLC4P","pid":36672,"level":20,"msg":"Processed: \u001b[35m_posts/MongoDB.md\u001b[39m","time":"2020-03-05T14:08:22.224Z","v":0}
{"name":"hexo","hostname":"DESKTOP-ECPLC4P","pid":36672,"level":20,"msg":"Processed: \u001b[35m_posts/JavaGC.md\u001b[39m","time":"2020-03-05T14:08:22.226Z","v":0}
{"name":"hexo","hostname":"DESKTOP-ECPLC4P","pid":36672,"level":20,"msg":"Processed: \u001b[35m_posts/Optional使用.md\u001b[39m","time":"2020-03-05T14:08:22.231Z","v":0}
{"name":"hexo","hostname":"DESKTOP-ECPLC4P","pid":36672,"level":20,"msg":"Processed: \u001b[35m_posts/Redis.md\u001b[39m","time":"2020-03-05T14:08:22.232Z","v":0}
{"name":"hexo","hostname":"DESKTOP-ECPLC4P","pid":36672,"level":20,"msg":"Processed: \u001b[35msource/images/cover6.jpg\u001b[39m","time":"2020-03-05T14:08:22.238Z","v":0}
{"name":"hexo","hostname":"DESKTOP-ECPLC4P","pid":36672,"level":20,"msg":"Processed: \u001b[35mlayout/_partial/after-footer.ejs\u001b[39m","time":"2020-03-05T14:08:22.245Z","v":0}
{"name":"hexo","hostname":"DESKTOP-ECPLC4P","pid":36672,"level":20,"msg":"Processed: \u001b[35mlayout/_partial/archive-post.ejs\u001b[39m","time":"2020-03-05T14:08:22.247Z","v":0}
{"name":"hexo","hostname":"DESKTOP-ECPLC4P","pid":36672,"level":20,"msg":"Processed: \u001b[35mlayout/_partial/ayer.ejs\u001b[39m","time":"2020-03-05T14:08:22.252Z","v":0}
{"name":"hexo","hostname":"DESKTOP-ECPLC4P","pid":36672,"level":20,"msg":"Processed: \u001b[35mlayout/_partial/article.ejs\u001b[39m","time":"2020-03-05T14:08:22.253Z","v":0}
{"name":"hexo","hostname":"DESKTOP-ECPLC4P","pid":36672,"level":20,"msg":"Processed: \u001b[35mlayout/_partial/archive.ejs\u001b[39m","time":"2020-03-05T14:08:22.254Z","v":0}
{"name":"hexo","hostname":"DESKTOP-ECPLC4P","pid":36672,"level":20,"msg":"Processed: \u001b[35mlayout/_partial/footer.ejs\u001b[39m","time":"2020-03-05T14:08:22.259Z","v":0}
{"name":"hexo","hostname":"DESKTOP-ECPLC4P","pid":36672,"level":20,"msg":"Processed: \u001b[35mlayout/_partial/baidu-analytics.ejs\u001b[39m","time":"2020-03-05T14:08:22.260Z","v":0}
{"name":"hexo","hostname":"DESKTOP-ECPLC4P","pid":36672,"level":20,"msg":"Processed: \u001b[35mlayout/_partial/head.ejs\u001b[39m","time":"2020-03-05T14:08:22.261Z","v":0}
{"name":"hexo","hostname":"DESKTOP-ECPLC4P","pid":36672,"level":20,"msg":"Processed: \u001b[35mlayout/_partial/mathjax.ejs\u001b[39m","time":"2020-03-05T14:08:22.262Z","v":0}
{"name":"hexo","hostname":"DESKTOP-ECPLC4P","pid":36672,"level":20,"msg":"Processed: \u001b[35mlayout/_partial/modal.ejs\u001b[39m","time":"2020-03-05T14:08:22.269Z","v":0}
{"name":"hexo","hostname":"DESKTOP-ECPLC4P","pid":36672,"level":20,"msg":"Processed: \u001b[35mlayout/_partial/totop.ejs\u001b[39m","time":"2020-03-05T14:08:22.270Z","v":0}
{"name":"hexo","hostname":"DESKTOP-ECPLC4P","pid":36672,"level":20,"msg":"Processed: \u001b[35mlayout/_partial/google-analytics.ejs\u001b[39m","time":"2020-03-05T14:08:22.271Z","v":0}
{"name":"hexo","hostname":"DESKTOP-ECPLC4P","pid":36672,"level":20,"msg":"Processed: \u001b[35mlayout/_partial/viewer.ejs\u001b[39m","time":"2020-03-05T14:08:22.271Z","v":0}
{"name":"hexo","hostname":"DESKTOP-ECPLC4P","pid":36672,"level":20,"msg":"Processed: \u001b[35mlayout/_partial/sidebar.ejs\u001b[39m","time":"2020-03-05T14:08:22.272Z","v":0}
{"name":"hexo","hostname":"DESKTOP-ECPLC4P","pid":36672,"level":20,"msg":"Processed: \u001b[35m_posts/AQS-Eins-Introduction.md\u001b[39m","time":"2020-03-05T14:08:22.272Z","v":0}
{"name":"hexo","hostname":"DESKTOP-ECPLC4P","pid":36672,"level":20,"msg":"Processed: \u001b[35m_posts/Future-And-CompletableFuture.md\u001b[39m","time":"2020-03-05T14:08:22.273Z","v":0}
{"name":"hexo","hostname":"DESKTOP-ECPLC4P","pid":36672,"level":20,"msg":"Processed: \u001b[35m_posts/JMX Introduction.md\u001b[39m","time":"2020-03-05T14:08:22.274Z","v":0}
{"name":"hexo","hostname":"DESKTOP-ECPLC4P","pid":36672,"level":20,"msg":"Processed: \u001b[35m_posts/JVM相关.md\u001b[39m","time":"2020-03-05T14:08:22.274Z","v":0}
{"name":"hexo","hostname":"DESKTOP-ECPLC4P","pid":36672,"level":20,"msg":"Processed: \u001b[35m_posts/Monitor-DB-Connection.md\u001b[39m","time":"2020-03-05T14:08:22.275Z","v":0}
{"name":"hexo","hostname":"DESKTOP-ECPLC4P","pid":36672,"level":20,"msg":"Processed: \u001b[35m_posts/Netty Introduction.md\u001b[39m","time":"2020-03-05T14:08:22.275Z","v":0}
{"name":"hexo","hostname":"DESKTOP-ECPLC4P","pid":36672,"level":20,"msg":"Processed: \u001b[35m_posts/Redis-Sentinal和Cluster.md\u001b[39m","time":"2020-03-05T14:08:22.276Z","v":0}
{"name":"hexo","hostname":"DESKTOP-ECPLC4P","pid":36672,"level":20,"msg":"Processed: \u001b[35m_posts/RPC.md\u001b[39m","time":"2020-03-05T14:08:22.276Z","v":0}
{"name":"hexo","hostname":"DESKTOP-ECPLC4P","pid":36672,"level":20,"msg":"Processed: \u001b[35m_posts/Oracle和MySQL索引和索引底层.md\u001b[39m","time":"2020-03-05T14:08:22.277Z","v":0}
{"name":"hexo","hostname":"DESKTOP-ECPLC4P","pid":36672,"level":20,"msg":"Processed: \u001b[35m_posts/Spring-Boot-Sleuth.md\u001b[39m","time":"2020-03-05T14:08:22.284Z","v":0}
{"name":"hexo","hostname":"DESKTOP-ECPLC4P","pid":36672,"level":20,"msg":"Processed: \u001b[35m_posts/ThreadSafe-1.md\u001b[39m","time":"2020-03-05T14:08:22.285Z","v":0}
{"name":"hexo","hostname":"DESKTOP-ECPLC4P","pid":36672,"level":20,"msg":"Processed: \u001b[35m_posts/Vertx介绍.md\u001b[39m","time":"2020-03-05T14:08:22.286Z","v":0}
{"name":"hexo","hostname":"DESKTOP-ECPLC4P","pid":36672,"level":20,"msg":"Processed: \u001b[35m_posts/事务隔离和事务级别.md\u001b[39m","time":"2020-03-05T14:08:22.287Z","v":0}
{"name":"hexo","hostname":"DESKTOP-ECPLC4P","pid":36672,"level":20,"msg":"Processed: \u001b[35m_posts/基本的SQL和复杂的SQL.md\u001b[39m","time":"2020-03-05T14:08:22.287Z","v":0}
{"name":"hexo","hostname":"DESKTOP-ECPLC4P","pid":36672,"level":20,"msg":"Processed: \u001b[35m_posts/集合框架.md\u001b[39m","time":"2020-03-05T14:08:22.288Z","v":0}
{"name":"hexo","hostname":"DESKTOP-ECPLC4P","pid":36672,"level":20,"msg":"Processed: \u001b[35m_posts/面向对象的系统设计.md\u001b[39m","time":"2020-03-05T14:08:22.289Z","v":0}
{"name":"hexo","hostname":"DESKTOP-ECPLC4P","pid":36672,"level":20,"msg":"Processed: \u001b[35msource/css/remixicon/remixicon.woff2\u001b[39m","time":"2020-03-05T14:08:22.294Z","v":0}
{"name":"hexo","hostname":"DESKTOP-ECPLC4P","pid":36672,"level":20,"msg":"Processed: \u001b[35msource/images/cover3.jpg\u001b[39m","time":"2020-03-05T14:08:22.295Z","v":0}
{"name":"hexo","hostname":"DESKTOP-ECPLC4P","pid":36672,"level":20,"msg":"Processed: \u001b[35m_posts/Docker-And-K8S.md\u001b[39m","time":"2020-03-05T14:08:22.298Z","v":0}
{"name":"hexo","hostname":"DESKTOP-ECPLC4P","pid":36672,"level":20,"msg":"Processed: \u001b[35m_posts/IO.md\u001b[39m","time":"2020-03-05T14:08:22.300Z","v":0}
{"name":"hexo","hostname":"DESKTOP-ECPLC4P","pid":36672,"level":20,"msg":"Processed: \u001b[35msource/css/remixicon/remixicon.woff\u001b[39m","time":"2020-03-05T14:08:22.305Z","v":0}
{"name":"hexo","hostname":"DESKTOP-ECPLC4P","pid":36672,"level":20,"msg":"Processed: \u001b[35msource/images/cover1.jpg\u001b[39m","time":"2020-03-05T14:08:22.306Z","v":0}
{"name":"hexo","hostname":"DESKTOP-ECPLC4P","pid":36672,"level":20,"msg":"Processed: \u001b[35msource/images/forrestgump.png\u001b[39m","time":"2020-03-05T14:08:22.307Z","v":0}
{"name":"hexo","hostname":"DESKTOP-ECPLC4P","pid":36672,"level":20,"msg":"Processed: \u001b[35mlayout/_partial/post/albums.ejs\u001b[39m","time":"2020-03-05T14:08:22.313Z","v":0}
{"name":"hexo","hostname":"DESKTOP-ECPLC4P","pid":36672,"level":20,"msg":"Processed: \u001b[35mlayout/_partial/post/busuanzi.ejs\u001b[39m","time":"2020-03-05T14:08:22.314Z","v":0}
{"name":"hexo","hostname":"DESKTOP-ECPLC4P","pid":36672,"level":20,"msg":"Processed: \u001b[35mlayout/_partial/post/date.ejs\u001b[39m","time":"2020-03-05T14:08:22.321Z","v":0}
{"name":"hexo","hostname":"DESKTOP-ECPLC4P","pid":36672,"level":20,"msg":"Processed: \u001b[35mlayout/_partial/post/category.ejs\u001b[39m","time":"2020-03-05T14:08:22.322Z","v":0}
{"name":"hexo","hostname":"DESKTOP-ECPLC4P","pid":36672,"level":20,"msg":"Processed: \u001b[35mlayout/_partial/post/gallery.ejs\u001b[39m","time":"2020-03-05T14:08:22.326Z","v":0}
{"name":"hexo","hostname":"DESKTOP-ECPLC4P","pid":36672,"level":20,"msg":"Processed: \u001b[35mlayout/_partial/post/gitalk.ejs\u001b[39m","time":"2020-03-05T14:08:22.327Z","v":0}
{"name":"hexo","hostname":"DESKTOP-ECPLC4P","pid":36672,"level":20,"msg":"Processed: \u001b[35mlayout/_partial/post/justifiedGallery.ejs\u001b[39m","time":"2020-03-05T14:08:22.327Z","v":0}
{"name":"hexo","hostname":"DESKTOP-ECPLC4P","pid":36672,"level":20,"msg":"Processed: \u001b[35mlayout/_partial/post/nav.ejs\u001b[39m","time":"2020-03-05T14:08:22.328Z","v":0}
{"name":"hexo","hostname":"DESKTOP-ECPLC4P","pid":36672,"level":20,"msg":"Processed: \u001b[35mlayout/_partial/post/search.ejs\u001b[39m","time":"2020-03-05T14:08:22.329Z","v":0}
{"name":"hexo","hostname":"DESKTOP-ECPLC4P","pid":36672,"level":20,"msg":"Processed: \u001b[35mlayout/_partial/post/tag.ejs\u001b[39m","time":"2020-03-05T14:08:22.329Z","v":0}
{"name":"hexo","hostname":"DESKTOP-ECPLC4P","pid":36672,"level":20,"msg":"Processed: \u001b[35mlayout/_partial/post/share.ejs\u001b[39m","time":"2020-03-05T14:08:22.330Z","v":0}
{"name":"hexo","hostname":"DESKTOP-ECPLC4P","pid":36672,"level":20,"msg":"Processed: \u001b[35mlayout/_partial/post/title.ejs\u001b[39m","time":"2020-03-05T14:08:22.335Z","v":0}
{"name":"hexo","hostname":"DESKTOP-ECPLC4P","pid":36672,"level":20,"msg":"Processed: \u001b[35mlayout/_partial/post/tocbot.ejs\u001b[39m","time":"2020-03-05T14:08:22.337Z","v":0}
{"name":"hexo","hostname":"DESKTOP-ECPLC4P","pid":36672,"level":20,"msg":"Processed: \u001b[35mlayout/_partial/post/word.ejs\u001b[39m","time":"2020-03-05T14:08:22.337Z","v":0}
{"name":"hexo","hostname":"DESKTOP-ECPLC4P","pid":36672,"level":20,"msg":"Processed: \u001b[35mlayout/_partial/post/valine.ejs\u001b[39m","time":"2020-03-05T14:08:22.337Z","v":0}
{"name":"hexo","hostname":"DESKTOP-ECPLC4P","pid":36672,"level":20,"msg":"Processed: \u001b[35mlayout/_partial/post/topping.ejs\u001b[39m","time":"2020-03-05T14:08:22.338Z","v":0}
{"name":"hexo","hostname":"DESKTOP-ECPLC4P","pid":36672,"level":20,"msg":"Processed: \u001b[35msource/css/remixicon/remixicon.ttf\u001b[39m","time":"2020-03-05T14:08:22.341Z","v":0}
{"name":"hexo","hostname":"DESKTOP-ECPLC4P","pid":36672,"level":20,"msg":"Processed: \u001b[35msource/css/remixicon/remixicon.eot\u001b[39m","time":"2020-03-05T14:08:22.342Z","v":0}
{"name":"hexo","hostname":"DESKTOP-ECPLC4P","pid":36672,"level":20,"msg":"Processed: \u001b[35msource/images/cover4.jpg\u001b[39m","time":"2020-03-05T14:08:22.349Z","v":0}
{"name":"hexo","hostname":"DESKTOP-ECPLC4P","pid":36672,"level":20,"msg":"Processed: \u001b[35msource/css/remixicon/remixicon.symbol.svg\u001b[39m","time":"2020-03-05T14:08:22.351Z","v":0}
{"name":"hexo","hostname":"DESKTOP-ECPLC4P","pid":36672,"level":20,"msg":"Processed: \u001b[35msource/images/cover5.jpg\u001b[39m","time":"2020-03-05T14:08:22.352Z","v":0}
{"name":"hexo","hostname":"DESKTOP-ECPLC4P","pid":36672,"level":20,"msg":"Processed: \u001b[35msource/css/remixicon/remixicon.svg\u001b[39m","time":"2020-03-05T14:08:22.367Z","v":0}
{"name":"hexo","hostname":"DESKTOP-ECPLC4P","pid":36672,"level":20,"msg":"Rendering post: \u001b[35mE:\\tech-blog\\source\\_posts\\AQS-Eins-Introduction.md\u001b[39m","time":"2020-03-05T14:08:22.457Z","v":0}
{"name":"hexo","hostname":"DESKTOP-ECPLC4P","pid":36672,"level":20,"msg":"Rendering post: \u001b[35mE:\\tech-blog\\source\\_posts\\Docker-And-K8S.md\u001b[39m","time":"2020-03-05T14:08:22.459Z","v":0}
{"name":"hexo","hostname":"DESKTOP-ECPLC4P","pid":36672,"level":20,"msg":"Rendering post: \u001b[35mE:\\tech-blog\\source\\_posts\\Fork-Join.md\u001b[39m","time":"2020-03-05T14:08:22.459Z","v":0}
{"name":"hexo","hostname":"DESKTOP-ECPLC4P","pid":36672,"level":20,"msg":"Rendering post: \u001b[35mE:\\tech-blog\\source\\_posts\\FileBeat.md\u001b[39m","time":"2020-03-05T14:08:22.467Z","v":0}
{"name":"hexo","hostname":"DESKTOP-ECPLC4P","pid":36672,"level":20,"msg":"Rendering post: \u001b[35mE:\\tech-blog\\source\\_posts\\Future-And-CompletableFuture.md\u001b[39m","time":"2020-03-05T14:08:22.468Z","v":0}
{"name":"hexo","hostname":"DESKTOP-ECPLC4P","pid":36672,"level":20,"msg":"Rendering post: \u001b[35mE:\\tech-blog\\source\\_posts\\IO.md\u001b[39m","time":"2020-03-05T14:08:22.473Z","v":0}
{"name":"hexo","hostname":"DESKTOP-ECPLC4P","pid":36672,"level":20,"msg":"Rendering post: \u001b[35mE:\\tech-blog\\source\\_posts\\JMX Introduction.md\u001b[39m","time":"2020-03-05T14:08:22.473Z","v":0}
{"name":"hexo","hostname":"DESKTOP-ECPLC4P","pid":36672,"level":20,"msg":"Rendering post: \u001b[35mE:\\tech-blog\\source\\_posts\\JVM相关.md\u001b[39m","time":"2020-03-05T14:08:22.475Z","v":0}
{"name":"hexo","hostname":"DESKTOP-ECPLC4P","pid":36672,"level":20,"msg":"Rendering post: \u001b[35mE:\\tech-blog\\source\\_posts\\HTTP请求和响应报文.md\u001b[39m","time":"2020-03-05T14:08:22.475Z","v":0}
{"name":"hexo","hostname":"DESKTOP-ECPLC4P","pid":36672,"level":20,"msg":"Rendering post: \u001b[35mE:\\tech-blog\\source\\_posts\\MongoDB.md\u001b[39m","time":"2020-03-05T14:08:22.476Z","v":0}
{"name":"hexo","hostname":"DESKTOP-ECPLC4P","pid":36672,"level":20,"msg":"Rendering post: \u001b[35mE:\\tech-blog\\source\\_posts\\JavaGC.md\u001b[39m","time":"2020-03-05T14:08:22.477Z","v":0}
{"name":"hexo","hostname":"DESKTOP-ECPLC4P","pid":36672,"level":20,"msg":"Rendering post: \u001b[35mE:\\tech-blog\\source\\_posts\\Monitor-DB-Connection.md\u001b[39m","time":"2020-03-05T14:08:22.478Z","v":0}
{"name":"hexo","hostname":"DESKTOP-ECPLC4P","pid":36672,"level":20,"msg":"Rendering post: \u001b[35mE:\\tech-blog\\source\\_posts\\Optional使用.md\u001b[39m","time":"2020-03-05T14:08:22.483Z","v":0}
{"name":"hexo","hostname":"DESKTOP-ECPLC4P","pid":36672,"level":20,"msg":"Rendering post: \u001b[35mE:\\tech-blog\\source\\_posts\\Netty Introduction.md\u001b[39m","time":"2020-03-05T14:08:22.484Z","v":0}
{"name":"hexo","hostname":"DESKTOP-ECPLC4P","pid":36672,"level":20,"msg":"Rendering post: \u001b[35mE:\\tech-blog\\source\\_posts\\Redis-Sentinal和Cluster.md\u001b[39m","time":"2020-03-05T14:08:22.484Z","v":0}
{"name":"hexo","hostname":"DESKTOP-ECPLC4P","pid":36672,"level":20,"msg":"Rendering post: \u001b[35mE:\\tech-blog\\source\\_posts\\RPC.md\u001b[39m","time":"2020-03-05T14:08:22.485Z","v":0}
{"name":"hexo","hostname":"DESKTOP-ECPLC4P","pid":36672,"level":20,"msg":"Rendering post: \u001b[35mE:\\tech-blog\\source\\_posts\\Redis.md\u001b[39m","time":"2020-03-05T14:08:22.485Z","v":0}
{"name":"hexo","hostname":"DESKTOP-ECPLC4P","pid":36672,"level":20,"msg":"Rendering post: \u001b[35mE:\\tech-blog\\source\\_posts\\Oracle和MySQL索引和索引底层.md\u001b[39m","time":"2020-03-05T14:08:22.486Z","v":0}
{"name":"hexo","hostname":"DESKTOP-ECPLC4P","pid":36672,"level":20,"msg":"Rendering post: \u001b[35mE:\\tech-blog\\source\\_posts\\Spring-Boot-Sleuth.md\u001b[39m","time":"2020-03-05T14:08:22.486Z","v":0}
{"name":"hexo","hostname":"DESKTOP-ECPLC4P","pid":36672,"level":20,"msg":"Rendering post: \u001b[35mE:\\tech-blog\\source\\_posts\\ThreadSafe-1.md\u001b[39m","time":"2020-03-05T14:08:22.488Z","v":0}
{"name":"hexo","hostname":"DESKTOP-ECPLC4P","pid":36672,"level":20,"msg":"Rendering post: \u001b[35mE:\\tech-blog\\source\\_posts\\Vertx介绍.md\u001b[39m","time":"2020-03-05T14:08:22.492Z","v":0}
{"name":"hexo","hostname":"DESKTOP-ECPLC4P","pid":36672,"level":20,"msg":"Rendering post: \u001b[35mE:\\tech-blog\\source\\_posts\\事务隔离和事务级别.md\u001b[39m","time":"2020-03-05T14:08:22.493Z","v":0}
{"name":"hexo","hostname":"DESKTOP-ECPLC4P","pid":36672,"level":20,"msg":"Rendering post: \u001b[35mE:\\tech-blog\\source\\_posts\\基本的SQL和复杂的SQL.md\u001b[39m","time":"2020-03-05T14:08:22.493Z","v":0}
{"name":"hexo","hostname":"DESKTOP-ECPLC4P","pid":36672,"level":20,"msg":"Rendering post: \u001b[35mE:\\tech-blog\\source\\_posts\\集合框架.md\u001b[39m","time":"2020-03-05T14:08:22.494Z","v":0}
{"name":"hexo","hostname":"DESKTOP-ECPLC4P","pid":36672,"level":20,"msg":"Rendering post: \u001b[35mE:\\tech-blog\\source\\_posts\\面向对象的系统设计.md\u001b[39m","time":"2020-03-05T14:08:22.495Z","v":0}
{"name":"hexo","hostname":"DESKTOP-ECPLC4P","pid":36672,"level":20,"msg":"Generator: \u001b[35mpage\u001b[39m","time":"2020-03-05T14:08:22.617Z","v":0}
{"name":"hexo","hostname":"DESKTOP-ECPLC4P","pid":36672,"level":20,"msg":"Generator: \u001b[35mpost\u001b[39m","time":"2020-03-05T14:08:22.619Z","v":0}
{"name":"hexo","hostname":"DESKTOP-ECPLC4P","pid":36672,"level":20,"msg":"Generator: \u001b[35mcategory\u001b[39m","time":"2020-03-05T14:08:22.621Z","v":0}
{"name":"hexo","hostname":"DESKTOP-ECPLC4P","pid":36672,"level":20,"msg":"Generator: \u001b[35marchive\u001b[39m","time":"2020-03-05T14:08:22.626Z","v":0}
{"name":"hexo","hostname":"DESKTOP-ECPLC4P","pid":36672,"level":20,"msg":"Generator: \u001b[35mtag\u001b[39m","time":"2020-03-05T14:08:22.626Z","v":0}
{"name":"hexo","hostname":"DESKTOP-ECPLC4P","pid":36672,"level":20,"msg":"Generator: \u001b[35mindex\u001b[39m","time":"2020-03-05T14:08:22.627Z","v":0}
{"name":"hexo","hostname":"DESKTOP-ECPLC4P","pid":36672,"level":20,"msg":"Generator: \u001b[35masset\u001b[39m","time":"2020-03-05T14:08:22.629Z","v":0}
{"name":"hexo","hostname":"DESKTOP-ECPLC4P","pid":36672,"level":30,"msg":"Hexo is running at \u001b[4mhttp://localhost:4000\u001b[24m . Press Ctrl+C to stop.","time":"2020-03-05T14:08:22.664Z","v":0}
{"name":"hexo","hostname":"DESKTOP-ECPLC4P","pid":36672,"level":20,"msg":"Database saved","time":"2020-03-05T14:08:22.674Z","v":0}
{"name":"hexo","hostname":"DESKTOP-ECPLC4P","pid":36672,"level":30,"msg":"Catch you later","time":"2020-03-05T14:08:22.720Z","v":0}
{"name":"hexo","hostname":"DESKTOP-ECPLC4P","pid":36672,"level":20,"msg":"Database saved","time":"2020-03-05T14:08:22.732Z","v":0}
